This is pdfTeX, Version 3.14159265-2.6-1.40.16 (TeX Live 2015/Arch Linux) (preloaded format=prv_final_project 2015.12.6)  6 DEC 2015 09:58
entering extended mode
 restricted \write18 enabled.
 %&-line parsing enabled.
**&prv_final_project _region_.tex
(./_region_.tex
LaTeX2e <2015/10/01> patch level 2
Babel <3.9m> and hyphenation patterns for 79 languages loaded.
CUSTOMISED FORMAT. Preloaded files:
        .
 article.cls    2014/09/29 v1.4h Standard LaTeX document class
  size12.clo    2014/09/29 v1.4h Standard LaTeX file (size option)
geometry.sty    2010/09/12 v5.6 Page Geometry
  keyval.sty    2014/10/28 v1.15 key=value parser (DPC)
   ifpdf.sty    2011/01/30 v2.3 Provides the ifpdf switch (HO)
  ifvtex.sty    2010/03/01 v1.5 Detect VTeX and its facilities (HO)
 ifxetex.sty    2010/09/12 v0.6 Provides ifxetex conditional
 amsmath.sty    2013/01/14 v2.14 AMS math features
 amstext.sty    2000/06/29 v2.01
  amsgen.sty    1999/11/30 v2.0
  amsbsy.sty    1999/11/29 v1.2d
  amsopn.sty    1999/12/14 v2.01 operator names
amsfonts.sty    2013/01/14 v3.01 Basic AMSFonts support
 amssymb.sty    2013/01/14 v3.01 AMS font symbols
graphicx.sty    2014/10/28 v1.0g Enhanced LaTeX Graphics (DPC,SPQR)
graphics.sty    2014/10/28 v1.0p Standard LaTeX Graphics (DPC,SPQR)
    trig.sty    1999/03/16 v1.09 sin cos tan (DPC)
graphics.cfg    2010/04/23 v1.9 graphics configuration of TeX Live
  pdftex.def    2011/05/27 v0.06d Graphics/color for pdfTeX
infwarerr.sty    2010/04/08 v1.3 Providing info/warning/error messages (HO)
 ltxcmds.sty    2011/11/09 v1.22 LaTeX kernel commands for general use (HO)
setspace.sty    2011/12/19 v6.7a set line spacing
booktabs.sty    2005/04/14 v1.61803 publication quality tables
multicol.sty    2015/08/19 v1.8n multicolumn formatting (FMi)
multirow.sty    
hyperref.sty    2012/11/06 v6.83m Hypertext links for LaTeX
hobsub-hyperref.sty    2012/05/28 v1.13 Bundle oberdiek, subset hyperref (HO)
hobsub-generic.sty    2012/05/28 v1.13 Bundle oberdiek, subset generic (HO)
  hobsub.sty    2012/05/28 v1.13 Construct package bundles (HO)
ifluatex.sty    2010/03/01 v1.3 Provides the ifluatex switch (HO)
 intcalc.sty    2007/09/27 v1.1 Expandable calculations with integers (HO)
etexcmds.sty    2011/02/16 v1.5 Avoid name clashes with e-TeX commands (HO)
kvsetkeys.sty    2012/04/25 v1.16 Key value parser (HO)
kvdefinekeys.sty    2011/04/07 v1.3 Define keys (HO)
pdftexcmds.sty    2011/11/29 v0.20 Utility functions of pdfTeX for LuaTeX (HO)
pdfescape.sty    2011/11/25 v1.13 Implements pdfTeX's escape features (HO)
bigintcalc.sty    2012/04/08 v1.3 Expandable calculations on big integers (HO)
  bitset.sty    2011/01/30 v1.1 Handle bit-vector datatype (HO)
uniquecounter.sty    2011/01/30 v1.2 Provide unlimited unique counter (HO)
letltxmacro.sty    2010/09/02 v1.4 Let assignment for LaTeX macros (HO)
 hopatch.sty    2012/05/28 v1.2 Wrapper for package hooks (HO)
xcolor-patch.sty    2011/01/30 xcolor patch
atveryend.sty    2011/06/30 v1.8 Hooks at the very end of document (HO)
atbegshi.sty    2011/10/05 v1.16 At begin shipout hook (HO)
refcount.sty    2011/10/16 v3.4 Data extraction from label references (HO)
 hycolor.sty    2011/01/30 v1.7 Color options for hyperref/bookmark (HO)
 auxhook.sty    2011/03/04 v1.3 Hooks for auxiliary files (HO)
kvoptions.sty    2011/06/30 v3.11 Key value format for package options (HO)
  pd1enc.def    2012/11/06 v6.83m Hyperref: PDFDocEncoding definition (HO)
hyperref.cfg    2002/06/06 v1.2 hyperref configuration of TeXLive
     url.sty    2013/09/16  ver 3.4  Verb mode for urls, etc.
 hpdftex.def    2012/11/06 v6.83m Hyperref driver for pdfTeX
rerunfilecheck.sty    2011/04/15 v1.7 Rerun checks for auxiliary files (HO)
fixltx2e.sty    2015/06/22 v2.0b fixes to LaTeX (obsolete)
epstopdf.sty    2010/02/09 v2.5 Conversion with epstopdf on the fly (HO)
epstopdf-base.sty    2010/02/09 v2.5 Base part for package epstopdf
  grfext.sty    2010/08/19 v1.1 Manage graphics extensions (HO)
epstopdf-sys.cfg    2010/07/13 v1.3 Configuration of (r)epstopdf for TeX Live
verbatim.sty    2014/10/28 v1.5q LaTeX2e package for verbatim enhancements
   float.sty    2001/11/08 v1.3d Float enhancements (AL)
listings.sty    2015/06/04 1.6 (Carsten Heinz)
 lstmisc.sty    2015/06/04 1.6 (Carsten Heinz)
listings.cfg    2015/06/04 1.6 listings configuration
  xcolor.sty    2007/01/21 v2.11 LaTeX color extensions (UK)
   color.cfg    2007/01/18 v1.5 color configuration of teTeX/TeXLive
textcomp.sty    2005/09/27 v1.99g Standard LaTeX package
  ts1enc.def    2001/06/05 v3.0e (jk/car/fm) Standard LaTeX file
    umsa.fd    2013/01/14 v3.01 AMS symbols A
    umsb.fd    2013/01/14 v3.01 AMS symbols B
        .
No file _region_.aux.
LaTeX Font Info:    Checking defaults for OML/cmm/m/it on input line 23.
LaTeX Font Info:    ... okay on input line 23.
LaTeX Font Info:    Checking defaults for T1/cmr/m/n on input line 23.
LaTeX Font Info:    ... okay on input line 23.
LaTeX Font Info:    Checking defaults for OT1/cmr/m/n on input line 23.
LaTeX Font Info:    ... okay on input line 23.
LaTeX Font Info:    Checking defaults for OMS/cmsy/m/n on input line 23.
LaTeX Font Info:    ... okay on input line 23.
LaTeX Font Info:    Checking defaults for OMX/cmex/m/n on input line 23.
LaTeX Font Info:    ... okay on input line 23.
LaTeX Font Info:    Checking defaults for U/cmr/m/n on input line 23.
LaTeX Font Info:    ... okay on input line 23.
LaTeX Font Info:    Checking defaults for PD1/pdf/m/n on input line 23.
LaTeX Font Info:    ... okay on input line 23.
LaTeX Font Info:    Checking defaults for TS1/cmr/m/n on input line 23.
LaTeX Font Info:    Try loading font information for TS1+cmr on input line 23.
(/usr/share/texmf-dist/tex/latex/base/ts1cmr.fd
File: ts1cmr.fd 2014/09/29 v2.5h Standard LaTeX font definitions
)
LaTeX Font Info:    ... okay on input line 23.

(/home/haml3t/.emacs.d/elpa/auctex-11.88.8/latex/preview.sty
Package: preview 2010/02/14 11.88 (AUCTeX/preview-latex)

(/home/haml3t/.emacs.d/elpa/auctex-11.88.8/latex/prtightpage.def
\PreviewBorder=\dimen153
)
(/home/haml3t/.emacs.d/elpa/auctex-11.88.8/latex/prauctex.def
No auxiliary output files.


\hbadness=\count135
\hfuzz=\dimen154
(/home/haml3t/.emacs.d/elpa/auctex-11.88.8/latex/prauctex.cfg))
(/home/haml3t/.emacs.d/elpa/auctex-11.88.8/latex/prfootnotes.def)
\pr@snippet=\count136
\pr@box=\box58
\pr@output=\toks26

Preview: Fontsize 12pt
Preview: PDFoutput 1
)
*geometry* driver: auto-detecting
*geometry* detected driver: pdftex
*geometry* verbose mode - [ preamble ] result:
* driver: pdftex
* paper: letterpaper
* layout: <same size as paper>
* layoutoffset:(h,v)=(0.0pt,0.0pt)
* modes: 
* h-part:(L,W,R)=(72.26999pt, 469.75502pt, 72.26999pt)
* v-part:(T,H,B)=(72.26999pt, 650.43001pt, 72.26999pt)
* \paperwidth=614.295pt
* \paperheight=794.96999pt
* \textwidth=469.75502pt
* \textheight=650.43001pt
* \oddsidemargin=0.0pt
* \evensidemargin=0.0pt
* \topmargin=-37.0pt
* \headheight=12.0pt
* \headsep=25.0pt
* \topskip=12.0pt
* \footskip=30.0pt
* \marginparwidth=44.0pt
* \marginparsep=10.0pt
* \columnsep=10.0pt
* \skip\footins=10.8pt plus 4.0pt minus 2.0pt
* \hoffset=0.0pt
* \voffset=0.0pt
* \mag=1000
* \@twocolumnfalse
* \@twosidefalse
* \@mparswitchfalse
* \@reversemarginfalse
* (1in=72.27pt=25.4mm, 1cm=28.453pt)

(/usr/share/texmf-dist/tex/context/base/supp-pdf.mkii
[Loading MPS to PDF converter (version 2006.09.02).]
\scratchcounter=\count137
\scratchdimen=\dimen155
\scratchbox=\box59
\nofMPsegments=\count138
\nofMParguments=\count139
\everyMPshowfont=\toks27
\MPscratchCnt=\count140
\MPscratchDim=\dimen156
\MPnumerator=\count141
\makeMPintoPDFobject=\count142
\everyMPtoPDFconversion=\toks28
)
\AtBeginShipoutBox=\box60
Package hyperref Info: Link coloring OFF on input line 23.
 (/usr/share/texmf-dist/tex/latex/hyperref/nameref.sty
Package: nameref 2012/10/27 v2.43 Cross-referencing by name of section

(/usr/share/texmf-dist/tex/generic/oberdiek/gettitlestring.sty
Package: gettitlestring 2010/12/03 v1.4 Cleanup title references (HO)
)
\c@section@level=\count143
)
LaTeX Info: Redefining \ref on input line 23.
LaTeX Info: Redefining \pageref on input line 23.
LaTeX Info: Redefining \nameref on input line 23.
\c@lstlisting=\count144

 !name(final_project.tex) !offset(82) 
! Preview: Snippet 1 started.
<-><->
      
l.26 \subsection
                {Solar Calculation}
Not a real error.

Preview: Tightpage -32891 -32891 32891 32891
! Preview: Snippet 1 ended.(655359+0x30785865).
<-><->
      
l.26 \subsection{Solar Calculation}
                                   
Not a real error.

[1{/var/lib/texmf/fonts/map/pdftex/updmap/pdftex.map}

]
! Preview: Snippet 2 started.
<-><->
      
l.27 ...ime per day. To get our desired value of $
                                                  375\times 10^6\nicefrac{Bt...

Not a real error.

! Undefined control sequence.
l.27 ... desired value of $375\times 10^6\nicefrac
                                                  {Btu/hr}$ we need about \f...
The control sequence at the end of the top line
of your error message was never \def'ed. If you have
misspelled it (e.g., `\hobx'), type `I' and the correct
spelling (e.g., `I\hbox'). Otherwise just continue,
and I'll forget about whatever was undefined.

! Preview: Snippet 2 ended.(623265+196608x5735311).
<-><->
      
l.27 ...value of $375\times 10^6\nicefrac{Btu/hr}$
                                                   we need about \fbox{126 a...

Not a real error.

[2]
! Preview: Snippet 3 started.
<-><->
      
l.28 \begin{equation}
                     
Not a real error.

! Preview: Snippet 3 ended.(1608876+0x30785865).
<-><->
      
l.30 \end{equation}
                   
Not a real error.

[3]
! Preview: Snippet 4 started.
<-><->
      
l.31 where $
            A$ is the required area, required $Q_\mathrm{in} = E = 1318819.5...

Not a real error.

! Preview: Snippet 4 ended.(537395+0x577257).
<-><->
      
l.31 where $A$
               is the required area, required $Q_\mathrm{in} = E = 1318819.5...

Not a real error.

[4]
! Preview: Snippet 5 started.
<-><->
      
l.31 where $A$ is the required area, required $
                                               Q_\mathrm{in} = E = 1318819.5...

Not a real error.

! Preview: Snippet 5 ended.(546132+152916x9099078).
<-><->
      
l.31 ..._\mathrm{in} = E = 1318819.56\mathrm{kWh}$
                                                  , yield percentage $r=0.46...

Not a real error.

[5]
! Preview: Snippet 6 started.
<-><->
      
l.31 ...318819.56\mathrm{kWh}$, yield percentage $
                                                  r=0.46$, solar radiation v...

Not a real error.

! Preview: Snippet 6 ended.(506811+0x2773189).
<-><->
      
l.31 ...56\mathrm{kWh}$, yield percentage $r=0.46$
                                                  , solar radiation value $H...

Not a real error.

[6]
! Preview: Snippet 7 started.
<-><->
      
l.31 ...rcentage $r=0.46$, solar radiation value $
                                                  H=7.5$ and default perform...

Not a real error.

! Preview: Snippet 7 ended.(537395+0x2718534).
<-><->
      
l.31 ...ge $r=0.46$, solar radiation value $H=7.5$
                                                   and default performance r...

Not a real error.

[7]
! Preview: Snippet 8 started.
<-><->
      
l.31 ...ue $H=7.5$ and default performance ratio $
                                                  PR=0.75$.
Not a real error.

! Preview: Snippet 8 ended.(537395+0x3600667).
<-><->
      
l.31 ...5$ and default performance ratio $PR=0.75$
                                                  .
Not a real error.

[8]  !name(final_project.tex) !offset(87) 
Package atveryend Info: Empty hook `BeforeClearDocument' on input line 34.
Package atveryend Info: Empty hook `AfterLastShipout' on input line 34.
Package atveryend Info: Executing hook `AtVeryEndDocument' on input line 34.
Package atveryend Info: Empty hook `AtEndAfterFileList' on input line 34.
Package atveryend Info: Empty hook `AtVeryVeryEnd' on input line 34.
 ) 
Here is how much of TeX's memory you used:
 629 strings out of 484793
 9491 string characters out of 6022752
 223820 words of memory out of 5000000
 12274 multiletter control sequences out of 15000+600000
 10379 words of font info for 39 fonts, out of 8000000 for 9000
 1141 hyphenation exceptions out of 8191
 28i,7n,29p,1080b,352s stack positions out of 5000i,500n,10000p,200000b,80000s
</usr/share/texmf-dist/fonts/type1/public/amsfonts/cm/cmbx12.pfb></usr/share/
texmf-dist/fonts/type1/public/amsfonts/cm/cmmi12.pfb></usr/share/texmf-dist/fon
ts/type1/public/amsfonts/cm/cmr12.pfb></usr/share/texmf-dist/fonts/type1/public
/amsfonts/cm/cmr8.pfb></usr/share/texmf-dist/fonts/type1/public/amsfonts/cm/cms
y10.pfb>
Output written on _region_.pdf (8 pages, 48093 bytes).
PDF statistics:
 56 PDF objects out of 1000 (max. 8388607)
 40 compressed objects within 1 object stream
 2 named destinations out of 1000 (max. 500000)
 1 words of extra memory for PDF output out of 10000 (max. 10000000)

